{
  "D:\\work\\React\\React-2024\\class-components\\src\\__tests__\\__ mocks __\\CardList.mock.ts": {
    "path": "D:\\work\\React\\React-2024\\class-components\\src\\__tests__\\__ mocks __\\CardList.mock.ts",
    "statementMap": {
      "0": {
        "start": { "line": 4, "column": 13 },
        "end": { "line": 108, "column": 4 }
      }
    },
    "fnMap": {},
    "branchMap": {},
    "s": { "0": 1 },
    "f": {},
    "b": {}
  },
  "D:\\work\\React\\React-2024\\class-components\\src\\components\\Pagination\\Pagination.tsx": {
    "path": "D:\\work\\React\\React-2024\\class-components\\src\\components\\Pagination\\Pagination.tsx",
    "statementMap": {
      "0": {
        "start": { "line": 4, "column": 0 },
        "end": { "line": 4, "column": 51 }
      },
      "1": {
        "start": { "line": 5, "column": 0 },
        "end": { "line": 5, "column": 26 }
      },
      "2": {
        "start": { "line": 11, "column": 46 },
        "end": { "line": 32, "column": 1 }
      },
      "3": {
        "start": { "line": 12, "column": 25 },
        "end": { "line": 12, "column": 42 }
      },
      "4": {
        "start": { "line": 13, "column": 15 },
        "end": { "line": 15, "column": 7 }
      },
      "5": {
        "start": { "line": 17, "column": 27 },
        "end": { "line": 21, "column": 3 }
      },
      "6": {
        "start": { "line": 18, "column": 4 },
        "end": { "line": 20, "column": 5 }
      },
      "7": {
        "start": { "line": 19, "column": 6 },
        "end": { "line": 19, "column": 28 }
      },
      "8": {
        "start": { "line": 23, "column": 2 },
        "end": { "line": 31, "column": 4 }
      },
      "9": {
        "start": { "line": 25, "column": 29 },
        "end": { "line": 25, "column": 55 }
      },
      "10": {
        "start": { "line": 29, "column": 29 },
        "end": { "line": 29, "column": 55 }
      },
      "11": {
        "start": { "line": 34, "column": 0 },
        "end": { "line": 34, "column": 26 }
      }
    },
    "fnMap": {
      "0": {
        "name": "(anonymous_0)",
        "decl": {
          "start": { "line": 11, "column": 46 },
          "end": { "line": 11, "column": 47 }
        },
        "loc": {
          "start": { "line": 11, "column": 67 },
          "end": { "line": 32, "column": 1 }
        }
      },
      "1": {
        "name": "(anonymous_1)",
        "decl": {
          "start": { "line": 17, "column": 27 },
          "end": { "line": 17, "column": 28 }
        },
        "loc": {
          "start": { "line": 17, "column": 47 },
          "end": { "line": 21, "column": 3 }
        }
      },
      "2": {
        "name": "(anonymous_2)",
        "decl": {
          "start": { "line": 25, "column": 23 },
          "end": { "line": 25, "column": 26 }
        },
        "loc": {
          "start": { "line": 25, "column": 29 },
          "end": { "line": 25, "column": 55 }
        }
      },
      "3": {
        "name": "(anonymous_3)",
        "decl": {
          "start": { "line": 29, "column": 23 },
          "end": { "line": 29, "column": 26 }
        },
        "loc": {
          "start": { "line": 29, "column": 29 },
          "end": { "line": 29, "column": 55 }
        }
      }
    },
    "branchMap": {
      "0": {
        "loc": {
          "start": { "line": 13, "column": 15 },
          "end": { "line": 15, "column": 7 }
        },
        "type": "cond-expr",
        "locations": [
          {
            "start": { "line": 14, "column": 6 },
            "end": { "line": 14, "column": 41 }
          },
          {
            "start": { "line": 15, "column": 6 },
            "end": { "line": 15, "column": 7 }
          }
        ]
      },
      "1": {
        "loc": {
          "start": { "line": 18, "column": 4 },
          "end": { "line": 20, "column": 5 }
        },
        "type": "if",
        "locations": [
          {
            "start": { "line": 18, "column": 4 },
            "end": { "line": 20, "column": 5 }
          }
        ]
      }
    },
    "s": {
      "0": 1,
      "1": 1,
      "2": 1,
      "3": 3,
      "4": 3,
      "5": 3,
      "6": 1,
      "7": 1,
      "8": 3,
      "9": 0,
      "10": 1,
      "11": 1
    },
    "f": { "0": 3, "1": 1, "2": 0, "3": 1 },
    "b": { "0": [0, 3], "1": [1] }
  },
  "D:\\work\\React\\React-2024\\class-components\\src\\components\\PokemonCard\\PokemonCard.tsx": {
    "path": "D:\\work\\React\\React-2024\\class-components\\src\\components\\PokemonCard\\PokemonCard.tsx",
    "statementMap": {
      "0": {
        "start": { "line": 4, "column": 0 },
        "end": { "line": 4, "column": 27 }
      },
      "1": {
        "start": { "line": 5, "column": 0 },
        "end": { "line": 5, "column": 61 }
      },
      "2": {
        "start": { "line": 13, "column": 48 },
        "end": { "line": 28, "column": 1 }
      },
      "3": {
        "start": { "line": 18, "column": 31 },
        "end": { "line": 18, "column": 63 }
      },
      "4": {
        "start": { "line": 20, "column": 2 },
        "end": { "line": 27, "column": 4 }
      },
      "5": {
        "start": { "line": 30, "column": 0 },
        "end": { "line": 30, "column": 27 }
      }
    },
    "fnMap": {
      "0": {
        "name": "(anonymous_1)",
        "decl": {
          "start": { "line": 13, "column": 48 },
          "end": { "line": 13, "column": 49 }
        },
        "loc": {
          "start": { "line": 17, "column": 5 },
          "end": { "line": 28, "column": 1 }
        }
      }
    },
    "branchMap": {},
    "s": { "0": 1, "1": 1, "2": 1, "3": 3, "4": 3, "5": 1 },
    "f": { "0": 3 },
    "b": {}
  },
  "D:\\work\\React\\React-2024\\class-components\\src\\components\\ResultsComponent\\ResultsComponent.tsx": {
    "path": "D:\\work\\React\\React-2024\\class-components\\src\\components\\ResultsComponent\\ResultsComponent.tsx",
    "statementMap": {
      "0": {
        "start": { "line": 4, "column": 0 },
        "end": { "line": 4, "column": 32 }
      },
      "1": {
        "start": { "line": 5, "column": 0 },
        "end": { "line": 5, "column": 53 }
      },
      "2": {
        "start": { "line": 13, "column": 58 },
        "end": { "line": 30, "column": null }
      },
      "3": {
        "start": { "line": 18, "column": 2 },
        "end": { "line": 29, "column": null }
      },
      "4": {
        "start": { "line": 23, "column": 8 },
        "end": { "line": 23, "column": 25 }
      },
      "5": {
        "start": { "line": 23, "column": 40 },
        "end": { "line": 23, "column": 65 }
      },
      "6": {
        "start": { "line": 33, "column": 0 },
        "end": { "line": 33, "column": 32 }
      }
    },
    "fnMap": {
      "0": {
        "name": "(anonymous_1)",
        "decl": {
          "start": { "line": 13, "column": 58 },
          "end": { "line": 13, "column": 59 }
        },
        "loc": {
          "start": { "line": 18, "column": 2 },
          "end": { "line": 29, "column": null }
        }
      },
      "1": {
        "name": "(anonymous_2)",
        "decl": {
          "start": { "line": 22, "column": 19 },
          "end": { "line": 22, "column": 20 }
        },
        "loc": {
          "start": { "line": 23, "column": 8 },
          "end": { "line": 23, "column": 25 }
        }
      },
      "2": {
        "name": "(anonymous_3)",
        "decl": {
          "start": { "line": 23, "column": 34 },
          "end": { "line": 23, "column": 37 }
        },
        "loc": {
          "start": { "line": 23, "column": 40 },
          "end": { "line": 23, "column": 65 }
        }
      }
    },
    "branchMap": {
      "0": {
        "loc": {
          "start": { "line": 19, "column": 5 },
          "end": { "line": 29, "column": null }
        },
        "type": "cond-expr",
        "locations": [
          {
            "start": { "line": 20, "column": 6 },
            "end": { "line": 20, "column": 46 }
          },
          {
            "start": { "line": 21, "column": 8 },
            "end": { "line": 29, "column": null }
          }
        ]
      },
      "1": {
        "loc": {
          "start": { "line": 21, "column": 8 },
          "end": { "line": 29, "column": null }
        },
        "type": "cond-expr",
        "locations": [
          {
            "start": { "line": 22, "column": 6 },
            "end": { "line": 26, "column": 8 }
          },
          {
            "start": { "line": 28, "column": 6 },
            "end": { "line": 28, "column": 52 }
          }
        ]
      }
    },
    "s": { "0": 1, "1": 1, "2": 1, "3": 3, "4": 20, "5": 0, "6": 1 },
    "f": { "0": 3, "1": 20, "2": 0 },
    "b": { "0": [1, 2], "1": [1, 1] }
  }
}
