{
  "D:\\work\\React\\React-2024\\class-components\\src\\components\\Pagination\\Pagination.tsx": {
    "path": "D:\\work\\React\\React-2024\\class-components\\src\\components\\Pagination\\Pagination.tsx",
    "statementMap": {
      "0": {
        "start": { "line": 4, "column": 0 },
        "end": { "line": 4, "column": 51 }
      },
      "1": {
        "start": { "line": 5, "column": 0 },
        "end": { "line": 5, "column": 26 }
      },
      "2": {
        "start": { "line": 11, "column": 46 },
        "end": { "line": 32, "column": 1 }
      },
      "3": {
        "start": { "line": 12, "column": 25 },
        "end": { "line": 12, "column": 42 }
      },
      "4": {
        "start": { "line": 13, "column": 15 },
        "end": { "line": 15, "column": 7 }
      },
      "5": {
        "start": { "line": 17, "column": 27 },
        "end": { "line": 21, "column": 3 }
      },
      "6": {
        "start": { "line": 18, "column": 4 },
        "end": { "line": 20, "column": 5 }
      },
      "7": {
        "start": { "line": 19, "column": 6 },
        "end": { "line": 19, "column": 28 }
      },
      "8": {
        "start": { "line": 23, "column": 2 },
        "end": { "line": 31, "column": 4 }
      },
      "9": {
        "start": { "line": 25, "column": 29 },
        "end": { "line": 25, "column": 55 }
      },
      "10": {
        "start": { "line": 29, "column": 29 },
        "end": { "line": 29, "column": 55 }
      },
      "11": {
        "start": { "line": 34, "column": 0 },
        "end": { "line": 34, "column": 26 }
      }
    },
    "fnMap": {
      "0": {
        "name": "(anonymous_0)",
        "decl": {
          "start": { "line": 11, "column": 46 },
          "end": { "line": 11, "column": 47 }
        },
        "loc": {
          "start": { "line": 11, "column": 67 },
          "end": { "line": 32, "column": 1 }
        }
      },
      "1": {
        "name": "(anonymous_1)",
        "decl": {
          "start": { "line": 17, "column": 27 },
          "end": { "line": 17, "column": 28 }
        },
        "loc": {
          "start": { "line": 17, "column": 47 },
          "end": { "line": 21, "column": 3 }
        }
      },
      "2": {
        "name": "(anonymous_2)",
        "decl": {
          "start": { "line": 25, "column": 23 },
          "end": { "line": 25, "column": 26 }
        },
        "loc": {
          "start": { "line": 25, "column": 29 },
          "end": { "line": 25, "column": 55 }
        }
      },
      "3": {
        "name": "(anonymous_3)",
        "decl": {
          "start": { "line": 29, "column": 23 },
          "end": { "line": 29, "column": 26 }
        },
        "loc": {
          "start": { "line": 29, "column": 29 },
          "end": { "line": 29, "column": 55 }
        }
      }
    },
    "branchMap": {
      "0": {
        "loc": {
          "start": { "line": 13, "column": 15 },
          "end": { "line": 15, "column": 7 }
        },
        "type": "cond-expr",
        "locations": [
          {
            "start": { "line": 14, "column": 6 },
            "end": { "line": 14, "column": 41 }
          },
          {
            "start": { "line": 15, "column": 6 },
            "end": { "line": 15, "column": 7 }
          }
        ]
      },
      "1": {
        "loc": {
          "start": { "line": 18, "column": 4 },
          "end": { "line": 20, "column": 5 }
        },
        "type": "if",
        "locations": [
          {
            "start": { "line": 18, "column": 4 },
            "end": { "line": 20, "column": 5 }
          }
        ]
      }
    },
    "s": {
      "0": 1,
      "1": 1,
      "2": 1,
      "3": 3,
      "4": 3,
      "5": 3,
      "6": 1,
      "7": 1,
      "8": 3,
      "9": 0,
      "10": 1,
      "11": 1
    },
    "f": { "0": 3, "1": 1, "2": 0, "3": 1 },
    "b": { "0": [0, 3], "1": [1] }
  },
  "D:\\work\\React\\React-2024\\class-components\\src\\components\\PokemonCard\\PokemonCard.tsx": {
    "path": "D:\\work\\React\\React-2024\\class-components\\src\\components\\PokemonCard\\PokemonCard.tsx",
    "statementMap": {
      "0": {
        "start": { "line": 4, "column": 0 },
        "end": { "line": 4, "column": 27 }
      },
      "1": {
        "start": { "line": 5, "column": 0 },
        "end": { "line": 5, "column": 61 }
      },
      "2": {
        "start": { "line": 13, "column": 48 },
        "end": { "line": 22, "column": 1 }
      },
      "3": {
        "start": { "line": 14, "column": 31 },
        "end": { "line": 14, "column": 63 }
      },
      "4": {
        "start": { "line": 16, "column": 2 },
        "end": { "line": 21, "column": 4 }
      },
      "5": {
        "start": { "line": 24, "column": 0 },
        "end": { "line": 24, "column": 27 }
      }
    },
    "fnMap": {
      "0": {
        "name": "(anonymous_1)",
        "decl": {
          "start": { "line": 13, "column": 48 },
          "end": { "line": 13, "column": 49 }
        },
        "loc": {
          "start": { "line": 13, "column": 83 },
          "end": { "line": 22, "column": 1 }
        }
      }
    },
    "branchMap": {},
    "s": { "0": 1, "1": 1, "2": 1, "3": 1, "4": 1, "5": 1 },
    "f": { "0": 1 },
    "b": {}
  },
  "D:\\work\\React\\React-2024\\class-components\\src\\utility\\sanitizeText.ts": {
    "path": "D:\\work\\React\\React-2024\\class-components\\src\\utility\\sanitizeText.ts",
    "statementMap": {
      "0": {
        "start": { "line": 1, "column": 28 },
        "end": { "line": 10, "column": 1 }
      },
      "1": {
        "start": { "line": 2, "column": 27 },
        "end": { "line": 7, "column": 13 }
      },
      "2": {
        "start": { "line": 4, "column": 19 },
        "end": { "line": 4, "column": 37 }
      },
      "3": {
        "start": { "line": 5, "column": 6 },
        "end": { "line": 5, "column": 37 }
      },
      "4": {
        "start": { "line": 8, "column": 28 },
        "end": { "line": 8, "column": 77 }
      },
      "5": {
        "start": { "line": 9, "column": 2 },
        "end": { "line": 9, "column": 27 }
      },
      "6": {
        "start": { "line": 11, "column": 0 },
        "end": { "line": 11, "column": 35 }
      }
    },
    "fnMap": {
      "0": {
        "name": "(anonymous_0)",
        "decl": {
          "start": { "line": 1, "column": 28 },
          "end": { "line": 1, "column": 29 }
        },
        "loc": {
          "start": { "line": 1, "column": 60 },
          "end": { "line": 10, "column": 1 }
        }
      },
      "1": {
        "name": "(anonymous_1)",
        "decl": {
          "start": { "line": 3, "column": 12 },
          "end": { "line": 3, "column": 13 }
        },
        "loc": {
          "start": { "line": 3, "column": 21 },
          "end": { "line": 6, "column": 5 }
        }
      }
    },
    "branchMap": {
      "0": {
        "loc": {
          "start": { "line": 5, "column": 13 },
          "end": { "line": 5, "column": 36 }
        },
        "type": "binary-expr",
        "locations": [
          {
            "start": { "line": 5, "column": 13 },
            "end": { "line": 5, "column": 22 }
          },
          {
            "start": { "line": 5, "column": 26 },
            "end": { "line": 5, "column": 36 }
          }
        ]
      }
    },
    "s": { "0": 1, "1": 1, "2": 21, "3": 21, "4": 1, "5": 1, "6": 1 },
    "f": { "0": 1, "1": 21 },
    "b": { "0": [21, 21] }
  }
}
